Build started 2015/12/17 9:49:10.
     1>Project "D:\source\githubox\ChinaStockQuery\StockQuery.vcxproj" on node 2 (Build target(s)).
     1>ClCompile:
         C:\Program Files (x86)\Microsoft Visual Studio 12.0\VC\bin\CL.exe /c /Zi /nologo /W3 /WX- /sdl /O2 /Oi /Oy- /GL /D WIN32 /D NDEBUG /D _CONSOLE /D _LIB /D _UNICODE /D UNICODE /Gm- /EHsc /MT /GS /Gy /fp:precise /Zc:wchar_t /Zc:forScope /Yc"stdafx.h" /Fp"Release\StockQuery.pch" /Fo"Release\\" /Fd"Release\vc120.pdb" /Gd /TP /analyze- /errorReport:prompt stdafx.cpp
         stdafx.cpp
         C:\Program Files (x86)\Microsoft Visual Studio 12.0\VC\bin\CL.exe /c /Zi /nologo /W3 /WX- /sdl /O2 /Oi /Oy- /GL /D WIN32 /D NDEBUG /D _CONSOLE /D _LIB /D _UNICODE /D UNICODE /Gm- /EHsc /MT /GS /Gy /fp:precise /Zc:wchar_t /Zc:forScope /Yu"stdafx.h" /Fp"Release\StockQuery.pch" /Fo"Release\\" /Fd"Release\vc120.pdb" /Gd /TP /analyze- /errorReport:prompt IniParser.cpp StockQuery.cpp
         IniParser.cpp
         StockQuery.cpp
     1>StockQuery.cpp(63): warning C4091: 'typedef ' : ignored on left of 'StockInfo' when no variable is declared
     1>StockQuery.cpp(135): warning C4101: 'e' : unreferenced local variable
     1>StockQuery.cpp(154): warning C4101: 'e' : unreferenced local variable
       ResourceCompile:
         C:\Program Files (x86)\Windows Kits\8.1\bin\x86\rc.exe /D _UNICODE /D UNICODE /l"0x0409" /nologo /fo"Release\StockQuery.res" StockQuery.rc 
       Link:
         C:\Program Files (x86)\Microsoft Visual Studio 12.0\VC\bin\link.exe /ERRORREPORT:PROMPT /OUT:"D:\source\githubox\ChinaStockQuery\Release\StockQuery.exe" /INCREMENTAL:NO /NOLOGO kernel32.lib user32.lib gdi32.lib winspool.lib comdlg32.lib advapi32.lib shell32.lib ole32.lib oleaut32.lib uuid.lib odbc32.lib odbccp32.lib /MANIFEST /MANIFESTUAC:"level='asInvoker' uiAccess='false'" /manifest:embed /DEBUG /PDB:"D:\source\githubox\ChinaStockQuery\Release\StockQuery.pdb" /SUBSYSTEM:CONSOLE /OPT:REF /OPT:ICF /LTCG /TLBID:1 /DYNAMICBASE /NXCOMPAT /IMPLIB:"D:\source\githubox\ChinaStockQuery\Release\StockQuery.lib" /MACHINE:X86 /SAFESEH Release\StockQuery.res
         Release\IniParser.obj
         Release\stdafx.obj
         Release\StockQuery.obj
         Generating code
         Finished generating code
         StockQuery.vcxproj -> D:\source\githubox\ChinaStockQuery\Release\StockQuery.exe
     1>Done Building Project "D:\source\githubox\ChinaStockQuery\StockQuery.vcxproj" (Build target(s)).

Build succeeded.

Time Elapsed 00:00:03.62
